<?xml version="1.0" encoding="UTF-8"?>
<!-- Generated by org.testng.reporters.JUnitReportReporter -->
<testsuite hostname="I22148" failures="0" tests="1" name="testcases.CaseOne" time="3.993" errors="0" timestamp="2025-10-14T18:08:01 IST" skipped="0">
  <testcase classname="testcases.CaseOne" name="get" time="3.993"/>
</testsuite> <!-- testcases.CaseOne -->
