<?xml version="1.0" encoding="UTF-8"?>
<!-- Generated by org.testng.reporters.JUnitReportReporter -->
<testsuite hostname="I22148" failures="0" tests="1" name="testcases.CaseFour" time="3.320" errors="0" timestamp="2025-10-14T18:00:03 IST" skipped="0">
  <testcase classname="testcases.CaseFour" name="createObject" time="3.320"/>
</testsuite> <!-- testcases.CaseFour -->
