<?xml version="1.0" encoding="UTF-8"?>
<!-- Generated by org.testng.reporters.JUnitReportReporter -->
<testsuite hostname="I22148" failures="0" tests="1" name="testcases.CaseThree" time="3.179" errors="0" timestamp="2025-10-14T17:50:30 IST" skipped="0">
  <testcase classname="testcases.CaseThree" name="createObject" time="3.179"/>
</testsuite> <!-- testcases.CaseThree -->
