<?xml version="1.0" encoding="UTF-8"?>
<!-- Generated by org.testng.reporters.JUnitReportReporter -->
<testsuite hostname="I22148" failures="0" tests="1" name="testcases.CaseTwo" time="2.906" errors="0" timestamp="2025-10-14T17:20:30 IST" skipped="0">
  <testcase classname="testcases.CaseTwo" name="createObject" time="2.906"/>
</testsuite> <!-- testcases.CaseTwo -->
